<?xml version="1.0" encoding="UTF-8" ?>
<testsuite failures="0" time="1.62" errors="0" skipped="0" tests="2" name="com.gb.cropdesign.droolspoc.PcrResultsTest">
  <properties>
    <property name="java.runtime.name" value="Java(TM) SE Runtime Environment"/>
    <property name="sun.boot.library.path" value="C:\Program Files (x86)\Java\jdk1.6.0_37\jre\bin"/>
    <property name="java.vm.version" value="20.12-b01"/>
    <property name="java.vm.vendor" value="Sun Microsystems Inc."/>
    <property name="java.vendor.url" value="http://java.sun.com/"/>
    <property name="path.separator" value=";"/>
    <property name="java.vm.name" value="Java HotSpot(TM) Client VM"/>
    <property name="file.encoding.pkg" value="sun.io"/>
    <property name="user.country" value="BE"/>
    <property name="sun.java.launcher" value="SUN_STANDARD"/>
    <property name="sun.os.patch.level" value="Service Pack 1"/>
    <property name="java.vm.specification.name" value="Java Virtual Machine Specification"/>
    <property name="user.dir" value="C:\RDE\workspace\droolspoc"/>
    <property name="java.runtime.version" value="1.6.0_37-b06"/>
    <property name="java.awt.graphicsenv" value="sun.awt.Win32GraphicsEnvironment"/>
    <property name="basedir" value="C:\RDE\workspace\droolspoc"/>
    <property name="java.endorsed.dirs" value="C:\Program Files (x86)\Java\jdk1.6.0_37\jre\lib\endorsed"/>
    <property name="os.arch" value="x86"/>
    <property name="surefire.real.class.path" value="C:\RDE\workspace\droolspoc\target\surefire\surefirebooter4831678731718801086.jar"/>
    <property name="java.io.tmpdir" value="C:\Users\Ward\AppData\Local\Temp\"/>
    <property name="line.separator" value="
"/>
    <property name="java.vm.specification.vendor" value="Sun Microsystems Inc."/>
    <property name="user.variant" value=""/>
    <property name="os.name" value="Windows 7"/>
    <property name="sun.jnu.encoding" value="Cp1252"/>
    <property name="java.library.path" value="C:\Program Files (x86)\Java\jdk1.6.0_37\jre\bin;C:\Windows\Sun\Java\bin;C:\Windows\system32;C:\Windows;c:\python27\;c:\python27\scripts;c:\program files (x86)\nvidia corporation\physx\common;c:\program files (x86)\haskell\bin;z:\programs\haskell-2012.2.0.0\lib\extralibs\bin;z:\programs\haskell-2012.2.0.0\bin;c:\program files (x86)\miktex 2.9\miktex\bin;c:\perl64\site\bin;c:\perl64\bin;C:\Windows\system32;C:\Windows;C:\Windows\system32\wbem;C:\Windows\system32\windowspowershell\v1.0\;c:\program files\mysql\mysql server 5.5\bin;c:\program files (x86)\microsoft asp.net\asp.net web pages\v1.0\;c:\program files\tortoisesvn\bin;c:\program files (x86)\belgium identity card;c:\program files (x86)\microsoft sql server\100\tools\binn\;c:\program files\microsoft sql server\100\tools\binn\;c:\program files\microsoft sql server\100\dts\binn\;c:\program files (x86)\microsoft sql server\100\tools\binn\vsshell\common7\ide\;c:\program files (x86)\microsoft sql server\100\dts\binn\;c:\program files\ibm\gsk8\lib64;c:\program files (x86)\ibm\gsk8\lib;C:\Program Files\Microsoft SQL Server\110\Tools\Binn\;Z:\programs\MikTex\miktex\bin\;C:\Program Files\TortoiseHg\;C:\Program Files (x86)\Java\jdk1.6.0_37\bin;C:\Python27\;C:\Python27\Scripts;C:\Program Files (x86)\NVIDIA Corporation\PhysX\Common;C:\Program Files (x86)\Haskell\bin;Z:\programs\haskell-2012.2.0.0\lib\extralibs\bin;Z:\programs\haskell-2012.2.0.0\bin;C:\Program Files (x86)\MiKTeX 2.9\miktex\bin;C:\Perl64\site\bin;C:\Perl64\bin;C:\Windows\system32;C:\Windows;C:\Windows\System32\Wbem;C:\Windows\System32\WindowsPowerShell\v1.0\;C:\Program Files\MySQL\MySQL Server 5.5\bin;c:\Program Files (x86)\Microsoft ASP.NET\ASP.NET Web Pages\v1.0\;C:\Program Files\TortoiseSVN\bin;C:\Program Files (x86)\Belgium Identity Card;C:\Users\Ward\AppData\Roaming\Python\Scripts;C:\Python27\;C:\Python27\Scripts;C:\Program Files (x86)\Haskell\bin;Z:\programs\haskell-2012.2.0.0\lib\extralibs\bin;Z:\programs\haskell-2012.2.0.0\bin;C:\oraclexe\app\oracle\product\10.2.0\server\bin;C:\Program Files (x86)\MiKTeX 2.9\miktex\bin;C:\Perl64\site\bin;C:\Perl64\bin;C:\Windows\system32;C:\Windows;C:\Windows\System32\Wbem;C:\Windows\System32\WindowsPowerShell\v1.0\;C:\Program Files\MySQL\MySQL Server 5.5\bin;c:\Program Files (x86)\Microsoft ASP.NET\ASP.NET Web Pages\v1.0\;C:\Program Files\TortoiseSVN\bin;C:\Program Files (x86)\Belgium Identity Card;C:\Users\Ward\AppData\Roaming\Python\Scripts;C:\Users\Ward\AppData\Roaming\cabal\bin;c:\jruby-1.6.7\bin;C:\Program Files (x86)\OpenVPN\bin;C:\Program Files\Java\jdk1.7.0_04\bin;C:\Program Files\apache\apache-maven-3.0.3\bin;C:\Program Files (x86)\emacs-23.3\\bin;c:\MinGW\bin;C:\OpenSSL-Win64\bin;C:\grails-2.1.0\bin;C:\Program Files\gs\gs9.05\bin;C:\Program Files (x86)\Groovy-1.8.0\bin;C:\Python27;C:\Python27\scripts;C:\jython2.5.3;C:\Users\Ward\apps\apache-cxf-2.7.0\bin;C:\Users\Ward\apps\apache-ant-1.8.4\bin;C:\Users\Ward\apps\axis2-1.6.2\bin;."/>
    <property name="surefire.test.class.path" value="C:\RDE\workspace\droolspoc\target\test-classes;C:\RDE\workspace\droolspoc\target\classes;Z:\RDE\repository\org\springframework\spring-core\3.1.3.RELEASE\spring-core-3.1.3.RELEASE.jar;Z:\RDE\repository\org\springframework\spring-asm\3.1.3.RELEASE\spring-asm-3.1.3.RELEASE.jar;Z:\RDE\repository\commons-logging\commons-logging\1.1.1\commons-logging-1.1.1.jar;Z:\RDE\repository\org\springframework\spring-context\3.1.3.RELEASE\spring-context-3.1.3.RELEASE.jar;Z:\RDE\repository\org\springframework\spring-aop\3.1.3.RELEASE\spring-aop-3.1.3.RELEASE.jar;Z:\RDE\repository\aopalliance\aopalliance\1.0\aopalliance-1.0.jar;Z:\RDE\repository\org\springframework\spring-beans\3.1.3.RELEASE\spring-beans-3.1.3.RELEASE.jar;Z:\RDE\repository\org\springframework\spring-expression\3.1.3.RELEASE\spring-expression-3.1.3.RELEASE.jar;Z:\RDE\repository\org\springframework\spring-test\3.2.0.RELEASE\spring-test-3.2.0.RELEASE.jar;Z:\RDE\repository\org\springframework\spring-webmvc\3.2.0.RELEASE\spring-webmvc-3.2.0.RELEASE.jar;Z:\RDE\repository\org\springframework\spring-web\3.2.0.RELEASE\spring-web-3.2.0.RELEASE.jar;Z:\RDE\repository\org\slf4j\slf4j-log4j12\1.6.1\slf4j-log4j12-1.6.1.jar;Z:\RDE\repository\org\slf4j\slf4j-api\1.6.1\slf4j-api-1.6.1.jar;Z:\RDE\repository\log4j\log4j\1.2.16\log4j-1.2.16.jar;Z:\RDE\repository\junit\junit\4.10\junit-4.10.jar;Z:\RDE\repository\org\hamcrest\hamcrest-core\1.1\hamcrest-core-1.1.jar;Z:\RDE\repository\org\drools\drools-core\5.4.0.Final\drools-core-5.4.0.Final.jar;Z:\RDE\repository\org\mvel\mvel2\2.1.0.drools16\mvel2-2.1.0.drools16.jar;Z:\RDE\repository\org\drools\drools-compiler\5.4.0.Final\drools-compiler-5.4.0.Final.jar;Z:\RDE\repository\org\antlr\antlr-runtime\3.3\antlr-runtime-3.3.jar;Z:\RDE\repository\org\antlr\antlr\3.3\antlr-3.3.jar;Z:\RDE\repository\org\antlr\stringtemplate\3.2.1\stringtemplate-3.2.1.jar;Z:\RDE\repository\antlr\antlr\2.7.7\antlr-2.7.7.jar;Z:\RDE\repository\org\eclipse\jdt\core\compiler\ecj\3.5.1\ecj-3.5.1.jar;Z:\RDE\repository\org\drools\knowledge-api\5.4.0.Final\knowledge-api-5.4.0.Final.jar;Z:\RDE\repository\org\drools\knowledge-internal-api\5.4.0.Final\knowledge-internal-api-5.4.0.Final.jar;"/>
    <property name="java.specification.name" value="Java Platform API Specification"/>
    <property name="java.class.version" value="50.0"/>
    <property name="sun.management.compiler" value="HotSpot Client Compiler"/>
    <property name="os.version" value="6.1"/>
    <property name="user.home" value="C:\Users\Ward"/>
    <property name="user.timezone" value="Europe/Paris"/>
    <property name="java.awt.printerjob" value="sun.awt.windows.WPrinterJob"/>
    <property name="java.specification.version" value="1.6"/>
    <property name="file.encoding" value="Cp1252"/>
    <property name="user.name" value="Ward"/>
    <property name="java.class.path" value="C:\RDE\workspace\droolspoc\target\test-classes;C:\RDE\workspace\droolspoc\target\classes;Z:\RDE\repository\org\springframework\spring-core\3.1.3.RELEASE\spring-core-3.1.3.RELEASE.jar;Z:\RDE\repository\org\springframework\spring-asm\3.1.3.RELEASE\spring-asm-3.1.3.RELEASE.jar;Z:\RDE\repository\commons-logging\commons-logging\1.1.1\commons-logging-1.1.1.jar;Z:\RDE\repository\org\springframework\spring-context\3.1.3.RELEASE\spring-context-3.1.3.RELEASE.jar;Z:\RDE\repository\org\springframework\spring-aop\3.1.3.RELEASE\spring-aop-3.1.3.RELEASE.jar;Z:\RDE\repository\aopalliance\aopalliance\1.0\aopalliance-1.0.jar;Z:\RDE\repository\org\springframework\spring-beans\3.1.3.RELEASE\spring-beans-3.1.3.RELEASE.jar;Z:\RDE\repository\org\springframework\spring-expression\3.1.3.RELEASE\spring-expression-3.1.3.RELEASE.jar;Z:\RDE\repository\org\springframework\spring-test\3.2.0.RELEASE\spring-test-3.2.0.RELEASE.jar;Z:\RDE\repository\org\springframework\spring-webmvc\3.2.0.RELEASE\spring-webmvc-3.2.0.RELEASE.jar;Z:\RDE\repository\org\springframework\spring-web\3.2.0.RELEASE\spring-web-3.2.0.RELEASE.jar;Z:\RDE\repository\org\slf4j\slf4j-log4j12\1.6.1\slf4j-log4j12-1.6.1.jar;Z:\RDE\repository\org\slf4j\slf4j-api\1.6.1\slf4j-api-1.6.1.jar;Z:\RDE\repository\log4j\log4j\1.2.16\log4j-1.2.16.jar;Z:\RDE\repository\junit\junit\4.10\junit-4.10.jar;Z:\RDE\repository\org\hamcrest\hamcrest-core\1.1\hamcrest-core-1.1.jar;Z:\RDE\repository\org\drools\drools-core\5.4.0.Final\drools-core-5.4.0.Final.jar;Z:\RDE\repository\org\mvel\mvel2\2.1.0.drools16\mvel2-2.1.0.drools16.jar;Z:\RDE\repository\org\drools\drools-compiler\5.4.0.Final\drools-compiler-5.4.0.Final.jar;Z:\RDE\repository\org\antlr\antlr-runtime\3.3\antlr-runtime-3.3.jar;Z:\RDE\repository\org\antlr\antlr\3.3\antlr-3.3.jar;Z:\RDE\repository\org\antlr\stringtemplate\3.2.1\stringtemplate-3.2.1.jar;Z:\RDE\repository\antlr\antlr\2.7.7\antlr-2.7.7.jar;Z:\RDE\repository\org\eclipse\jdt\core\compiler\ecj\3.5.1\ecj-3.5.1.jar;Z:\RDE\repository\org\drools\knowledge-api\5.4.0.Final\knowledge-api-5.4.0.Final.jar;Z:\RDE\repository\org\drools\knowledge-internal-api\5.4.0.Final\knowledge-internal-api-5.4.0.Final.jar;"/>
    <property name="java.vm.specification.version" value="1.0"/>
    <property name="sun.arch.data.model" value="32"/>
    <property name="java.home" value="C:\Program Files (x86)\Java\jdk1.6.0_37\jre"/>
    <property name="sun.java.command" value="C:\RDE\workspace\droolspoc\target\surefire\surefirebooter4831678731718801086.jar C:\RDE\workspace\droolspoc\target\surefire\surefire1034267390058632866tmp C:\RDE\workspace\droolspoc\target\surefire\surefire2261746292193928467tmp"/>
    <property name="java.specification.vendor" value="Sun Microsystems Inc."/>
    <property name="user.language" value="nl"/>
    <property name="awt.toolkit" value="sun.awt.windows.WToolkit"/>
    <property name="java.vm.info" value="mixed mode, sharing"/>
    <property name="java.version" value="1.6.0_37"/>
    <property name="java.ext.dirs" value="C:\Program Files (x86)\Java\jdk1.6.0_37\jre\lib\ext;C:\Windows\Sun\Java\lib\ext"/>
    <property name="sun.boot.class.path" value="C:\Program Files (x86)\Java\jdk1.6.0_37\jre\lib\resources.jar;C:\Program Files (x86)\Java\jdk1.6.0_37\jre\lib\rt.jar;C:\Program Files (x86)\Java\jdk1.6.0_37\jre\lib\sunrsasign.jar;C:\Program Files (x86)\Java\jdk1.6.0_37\jre\lib\jsse.jar;C:\Program Files (x86)\Java\jdk1.6.0_37\jre\lib\jce.jar;C:\Program Files (x86)\Java\jdk1.6.0_37\jre\lib\charsets.jar;C:\Program Files (x86)\Java\jdk1.6.0_37\jre\lib\modules\jdk.boot.jar;C:\Program Files (x86)\Java\jdk1.6.0_37\jre\classes"/>
    <property name="java.vendor" value="Sun Microsystems Inc."/>
    <property name="localRepository" value="Z:\RDE\repository"/>
    <property name="file.separator" value="\"/>
    <property name="java.vendor.url.bug" value="http://java.sun.com/cgi-bin/bugreport.cgi"/>
    <property name="sun.cpu.endian" value="little"/>
    <property name="sun.io.unicode.encoding" value="UnicodeLittle"/>
    <property name="sun.desktop" value="windows"/>
    <property name="sun.cpu.isalist" value="pentium_pro+mmx pentium_pro pentium+mmx pentium i486 i386 i86"/>
  </properties>
  <testcase time="0.087" classname="com.gb.cropdesign.droolspoc.PcrResultsTest" name="testNonConformPlant"/>
  <testcase time="0.008" classname="com.gb.cropdesign.droolspoc.PcrResultsTest" name="testConformPlant"/>
</testsuite>